<?xml version="1.0" encoding="UTF-8"?>
<testng-results ignored="0" total="1" passed="1" failed="0" skipped="0">
  <reporter-output>
  </reporter-output>
  <suite started-at="2024-07-10T01:26:56 IST" name="Default suite" finished-at="2024-07-10T01:26:59 IST" duration-ms="2347">
    <groups>
    </groups>
    <test started-at="2024-07-10T01:26:56 IST" name="Default test" finished-at="2024-07-10T01:26:59 IST" duration-ms="2347">
      <class name="com.inetBanking.testCases.TC001_LoginTest">
        <test-method is-config="true" signature="setup()[pri:0, instance:com.inetBanking.testCases.TC001_LoginTest@1a760689]" started-at="2024-07-10T01:26:56 IST" name="setup" finished-at="2024-07-10T01:26:59 IST" duration-ms="2256" status="PASS">
          <reporter-output>
          </reporter-output>
        </test-method> <!-- setup -->
        <test-method signature="logineTest()[pri:0, instance:com.inetBanking.testCases.TC001_LoginTest@1a760689]" started-at="2024-07-10T01:26:59 IST" name="logineTest" finished-at="2024-07-10T01:26:59 IST" duration-ms="21" status="PASS">
          <reporter-output>
          </reporter-output>
        </test-method> <!-- logineTest -->
      </class> <!-- com.inetBanking.testCases.TC001_LoginTest -->
    </test> <!-- Default test -->
  </suite> <!-- Default suite -->
</testng-results>
